<?xml version="1.0" encoding="UTF-8"?>
<!-- Generated by org.testng.reporters.JUnitReportReporter -->
<testsuite name="p1.LoginCheck" tests="1" time="18.338" ignored="0" failures="0" timestamp="27 Sep 2019 08:22:42 GMT" skipped="0" hostname="DESKTOP-3M4E67P" errors="0">
  <testcase name="Hubspotlogin" time="18.338" classname="p1.LoginCheck"/>
</testsuite> <!-- p1.LoginCheck -->
